<?xml version="1.0" encoding="UTF-8" ?>
<testsuite failures="0" time="3.797" errors="1" skipped="0" tests="1" name="com.chariotsolutions.rabbitmq.rabbit.RabbitTest">
  <properties>
[...]
</properties>
  <testcase time="3.321" classname="com.chariotsolutions.rabbitmq.rabbit.RabbitTest" name="sendTestMessage">
    <error message="Failed to load ApplicationContext" type="java.lang.IllegalStateException">java.lang.IllegalStateException: Failed to load ApplicationContext
	at org.springframework.test.context.TestContext.getApplicationContext(TestContext.java:308)
	at org.springframework.test.context.support.DependencyInjectionTestExecutionListener.injectDependencies(DependencyInjectionTestExecutionListener.java:109)
	at org.springframework.test.context.support.DependencyInjectionTestExecutionListener.prepareTestInstance(DependencyInjectionTestExecutionListener.java:75)
	at org.springframework.test.context.TestContextManager.prepareTestInstance(TestContextManager.java:321)
	at org.springframework.test.context.junit4.SpringJUnit4ClassRunner.createTest(SpringJUnit4ClassRunner.java:211)
	at org.springframework.test.context.junit4.SpringJUnit4ClassRunner$1.runReflectiveCall(SpringJUnit4ClassRunner.java:287)
	at org.junit.internal.runners.model.ReflectiveCallable.run(ReflectiveCallable.java:15)
	at org.springframework.test.context.junit4.SpringJUnit4ClassRunner.methodBlock(SpringJUnit4ClassRunner.java:289)
	at org.springframework.test.context.junit4.SpringJUnit4ClassRunner.runChild(SpringJUnit4ClassRunner.java:231)
	at org.junit.runners.BlockJUnit4ClassRunner.runChild(BlockJUnit4ClassRunner.java:47)
	at org.junit.runners.ParentRunner$3.run(ParentRunner.java:231)
	at org.junit.runners.ParentRunner$1.schedule(ParentRunner.java:60)
	at org.junit.runners.ParentRunner.runChildren(ParentRunner.java:229)
	at org.junit.runners.ParentRunner.access$000(ParentRunner.java:50)
	at org.junit.runners.ParentRunner$2.evaluate(ParentRunner.java:222)
	at org.springframework.test.context.junit4.statements.RunBeforeTestClassCallbacks.evaluate(RunBeforeTestClassCallbacks.java:61)
	at org.springframework.test.context.junit4.statements.RunAfterTestClassCallbacks.evaluate(RunAfterTestClassCallbacks.java:70)
	at org.junit.runners.ParentRunner.run(ParentRunner.java:300)
	at org.springframework.test.context.junit4.SpringJUnit4ClassRunner.run(SpringJUnit4ClassRunner.java:174)
	at org.apache.maven.surefire.junit4.JUnit4TestSet.execute(JUnit4TestSet.java:53)
	at org.apache.maven.surefire.junit4.JUnit4Provider.executeTestSet(JUnit4Provider.java:123)
	at org.apache.maven.surefire.junit4.JUnit4Provider.invoke(JUnit4Provider.java:104)
	at sun.reflect.NativeMethodAccessorImpl.invoke0(Native Method)
	at sun.reflect.NativeMethodAccessorImpl.invoke(NativeMethodAccessorImpl.java:39)
	at sun.reflect.DelegatingMethodAccessorImpl.invoke(DelegatingMethodAccessorImpl.java:25)
	at java.lang.reflect.Method.invoke(Method.java:597)
	at org.apache.maven.surefire.util.ReflectionUtils.invokeMethodWithArray(ReflectionUtils.java:164)
	at org.apache.maven.surefire.booter.ProviderFactory$ProviderProxy.invoke(ProviderFactory.java:110)
	at org.apache.maven.surefire.booter.SurefireStarter.invokeProvider(SurefireStarter.java:175)
	at org.apache.maven.surefire.booter.SurefireStarter.runSuitesInProcessWhenForked(SurefireStarter.java:107)
	at org.apache.maven.surefire.booter.ForkedBooter.main(ForkedBooter.java:68)
Caused by: org.springframework.beans.factory.BeanCreationException: Error creating bean with name &apos;rabbitAdmin&apos;: Invocation of init method failed; nested exception is java.lang.NullPointerException
	at org.springframework.beans.factory.support.AbstractAutowireCapableBeanFactory.initializeBean(AbstractAutowireCapableBeanFactory.java:1420)
	at org.springframework.beans.factory.support.AbstractAutowireCapableBeanFactory.doCreateBean(AbstractAutowireCapableBeanFactory.java:519)
	at org.springframework.beans.factory.support.AbstractAutowireCapableBeanFactory.createBean(AbstractAutowireCapableBeanFactory.java:456)
	at org.springframework.beans.factory.support.AbstractBeanFactory$1.getObject(AbstractBeanFactory.java:293)
	at org.springframework.beans.factory.support.DefaultSingletonBeanRegistry.getSingleton(DefaultSingletonBeanRegistry.java:222)
	at org.springframework.beans.factory.support.AbstractBeanFactory.doGetBean(AbstractBeanFactory.java:290)
	at org.springframework.beans.factory.support.AbstractBeanFactory.getBean(AbstractBeanFactory.java:192)
	at org.springframework.beans.factory.support.DefaultListableBeanFactory.preInstantiateSingletons(DefaultListableBeanFactory.java:585)
	at org.springframework.context.support.AbstractApplicationContext.finishBeanFactoryInitialization(AbstractApplicationContext.java:895)
	at org.springframework.context.support.AbstractApplicationContext.refresh(AbstractApplicationContext.java:425)
	at org.springframework.test.context.support.AbstractGenericContextLoader.loadContext(AbstractGenericContextLoader.java:84)
	at org.springframework.test.context.support.AbstractGenericContextLoader.loadContext(AbstractGenericContextLoader.java:1)
	at org.springframework.test.context.TestContext.loadApplicationContext(TestContext.java:280)
	at org.springframework.test.context.TestContext.getApplicationContext(TestContext.java:304)
	... 30 more
Caused by: java.lang.NullPointerException
	at com.chariotsolutions.rabbitmq.aspects.LoggingAspect.cache(LoggingAspect.java:21)
	at sun.reflect.NativeMethodAccessorImpl.invoke0(Native Method)
	at sun.reflect.NativeMethodAccessorImpl.invoke(NativeMethodAccessorImpl.java:39)
	at sun.reflect.DelegatingMethodAccessorImpl.invoke(DelegatingMethodAccessorImpl.java:25)
	at java.lang.reflect.Method.invoke(Method.java:597)
	at org.springframework.aop.aspectj.AbstractAspectJAdvice.invokeAdviceMethodWithGivenArgs(AbstractAspectJAdvice.java:621)
	at org.springframework.aop.aspectj.AbstractAspectJAdvice.invokeAdviceMethod(AbstractAspectJAdvice.java:610)
	at org.springframework.aop.aspectj.AspectJAroundAdvice.invoke(AspectJAroundAdvice.java:65)
	at org.springframework.aop.framework.ReflectiveMethodInvocation.proceed(ReflectiveMethodInvocation.java:172)
	at org.springframework.aop.interceptor.ExposeInvocationInterceptor.invoke(ExposeInvocationInterceptor.java:90)
	at org.springframework.aop.framework.ReflectiveMethodInvocation.proceed(ReflectiveMethodInvocation.java:172)
	at org.springframework.aop.framework.JdkDynamicAopProxy.invoke(JdkDynamicAopProxy.java:202)
	at $Proxy20.addConnectionListener(Unknown Source)
	at org.springframework.amqp.rabbit.core.RabbitAdmin.afterPropertiesSet(RabbitAdmin.java:215)
	at org.springframework.beans.factory.support.AbstractAutowireCapableBeanFactory.invokeInitMethods(AbstractAutowireCapableBeanFactory.java:1477)
	at org.springframework.beans.factory.support.AbstractAutowireCapableBeanFactory.initializeBean(AbstractAutowireCapableBeanFactory.java:1417)
	... 43 more
</error>
    <system-out>INFO  XmlBeanDefinitionReader - Loading XML bean definitions from class path resource [com/chariotsolutions/rabbitmq/rabbit/RabbitTest-context.xml]
DEBUG DefaultDocumentLoader - Using JAXP provider [com.sun.org.apache.xerces.internal.jaxp.DocumentBuilderFactoryImpl]
DEBUG PluggableSchemaResolver - Loading schema mappings from [META-INF/spring.schemas]
DEBUG PluggableSchemaResolver - Loaded schema mappings: {http://www.springframework.org/schema/util/spring-util.xsd=org/springframework/beans/factory/xml/spring-util-3.0.xsd, http://www.springframework.org/schema/task/spring-task.xsd=org/springframework/scheduling/config/spring-task-3.0.xsd, http://www.springframework.org/schema/aop/spring-aop-3.0.xsd=org/springframework/aop/config/spring-aop-3.0.xsd, http://www.springframework.org/schema/aop/spring-aop-2.0.xsd=org/springframework/aop/config/spring-aop-2.0.xsd, http://www.springframework.org/schema/tool/spring-tool-2.5.xsd=org/springframework/beans/factory/xml/spring-tool-2.5.xsd, http://www.springframework.org/schema/beans/spring-beans.xsd=org/springframework/beans/factory/xml/spring-beans-3.0.xsd, http://www.springframework.org/schema/integration/spring-integration.xsd=org/springframework/integration/config/xml/spring-integration-2.1.xsd, http://www.springframework.org/schema/jee/spring-jee-2.5.xsd=org/springframework/ejb/config/spring-jee-2.5.xsd, http://www.springframework.org/schema/integration/amqp/spring-integration-amqp-2.1.xsd=org/springframework/integration/amqp/config/spring-integration-amqp-2.1.xsd, http://www.springframework.org/schema/integration/spring-integration-2.1.xsd=org/springframework/integration/config/xml/spring-integration-2.1.xsd, http://www.springframework.org/schema/aop/spring-aop.xsd=org/springframework/aop/config/spring-aop-3.0.xsd, http://www.springframework.org/schema/beans/spring-beans-2.0.xsd=org/springframework/beans/factory/xml/spring-beans-2.0.xsd, http://www.springframework.org/schema/mvc/spring-mvc-3.0.xsd=org/springframework/web/servlet/config/spring-mvc-3.0.xsd, http://www.springframework.org/schema/rabbit/spring-rabbit-1.0.xsd=org/springframework/amqp/rabbit/config/spring-rabbit-1.0.xsd, http://www.springframework.org/schema/beans/spring-beans-3.0.xsd=org/springframework/beans/factory/xml/spring-beans-3.0.xsd, http://www.springframework.org/schema/task/spring-task-3.0.xsd=org/springframework/scheduling/config/spring-task-3.0.xsd, http://www.springframework.org/schema/rabbit/spring-rabbit.xsd=org/springframework/amqp/rabbit/config/spring-rabbit-1.0.xsd, http://www.springframework.org/schema/tx/spring-tx-2.5.xsd=org/springframework/transaction/config/spring-tx-2.5.xsd, http://www.springframework.org/schema/context/spring-context-2.5.xsd=org/springframework/context/config/spring-context-2.5.xsd, http://www.springframework.org/schema/jdbc/spring-jdbc-3.0.xsd=org/springframework/jdbc/config/spring-jdbc-3.0.xsd, http://www.springframework.org/schema/tool/spring-tool-3.0.xsd=org/springframework/beans/factory/xml/spring-tool-3.0.xsd, http://www.springframework.org/schema/tx/spring-tx.xsd=org/springframework/transaction/config/spring-tx-3.0.xsd, http://www.springframework.org/schema/tool/spring-tool-2.0.xsd=org/springframework/beans/factory/xml/spring-tool-2.0.xsd, http://www.springframework.org/schema/util/spring-util-2.5.xsd=org/springframework/beans/factory/xml/spring-util-2.5.xsd, http://www.springframework.org/schema/lang/spring-lang.xsd=org/springframework/scripting/config/spring-lang-3.0.xsd, http://www.springframework.org/schema/lang/spring-lang-2.5.xsd=org/springframework/scripting/config/spring-lang-2.5.xsd, http://www.springframework.org/schema/integration/spring-integration-1.0.xsd=org/springframework/integration/config/xml/spring-integration-1.0.xsd, http://www.springframework.org/schema/data/jpa/spring-jpa-1.0.xsd=org/springframework/data/jpa/repository/config/spring-jpa-1.0.xsd, http://www.springframework.org/schema/integration/spring-integration-2.0.xsd=org/springframework/integration/config/xml/spring-integration-2.0.xsd, http://www.springframework.org/schema/jee/spring-jee-3.0.xsd=org/springframework/ejb/config/spring-jee-3.0.xsd, http://www.springframework.org/schema/jee/spring-jee-2.0.xsd=org/springframework/ejb/config/spring-jee-2.0.xsd, http://www.springframework.org/schema/context/spring-context.xsd=org/springframework/context/config/spring-context-3.0.xsd, http://www.springframework.org/schema/jee/spring-jee.xsd=org/springframework/ejb/config/spring-jee-3.0.xsd, http://www.springframework.org/schema/data/jpa/spring-jpa.xsd=org/springframework/data/jpa/repository/config/spring-jpa-1.0.xsd, http://www.springframework.org/schema/aop/spring-aop-2.5.xsd=org/springframework/aop/config/spring-aop-2.5.xsd, http://www.springframework.org/schema/data/repository/spring-repository.xsd=org/springframework/data/repository/config/spring-repository-1.0.xsd, http://www.springframework.org/schema/mvc/spring-mvc.xsd=org/springframework/web/servlet/config/spring-mvc-3.0.xsd, http://www.springframework.org/schema/jdbc/spring-jdbc.xsd=org/springframework/jdbc/config/spring-jdbc-3.0.xsd, http://www.springframework.org/schema/data/repository/spring-repository-1.0.xsd=org/springframework/data/repository/config/spring-repository-1.0.xsd, http://www.springframework.org/schema/integration/amqp/spring-integration-amqp.xsd=org/springframework/integration/amqp/config/spring-integration-amqp-2.1.xsd, http://www.springframework.org/schema/tx/spring-tx-2.0.xsd=org/springframework/transaction/config/spring-tx-2.0.xsd, http://www.springframework.org/schema/tx/spring-tx-3.0.xsd=org/springframework/transaction/config/spring-tx-3.0.xsd, http://www.springframework.org/schema/context/spring-context-3.0.xsd=org/springframework/context/config/spring-context-3.0.xsd, http://www.springframework.org/schema/tool/spring-tool.xsd=org/springframework/beans/factory/xml/spring-tool-3.0.xsd, http://www.springframework.org/schema/util/spring-util-3.0.xsd=org/springframework/beans/factory/xml/spring-util-3.0.xsd, http://www.springframework.org/schema/lang/spring-lang-3.0.xsd=org/springframework/scripting/config/spring-lang-3.0.xsd, http://www.springframework.org/schema/util/spring-util-2.0.xsd=org/springframework/beans/factory/xml/spring-util-2.0.xsd, http://www.springframework.org/schema/lang/spring-lang-2.0.xsd=org/springframework/scripting/config/spring-lang-2.0.xsd, http://www.springframework.org/schema/beans/spring-beans-2.5.xsd=org/springframework/beans/factory/xml/spring-beans-2.5.xsd}
DEBUG PluggableSchemaResolver - Found XML schema [http://www.springframework.org/schema/beans/spring-beans.xsd] in classpath: org/springframework/beans/factory/xml/spring-beans-3.0.xsd
DEBUG PluggableSchemaResolver - Found XML schema [http://www.springframework.org/schema/context/spring-context.xsd] in classpath: org/springframework/context/config/spring-context-3.0.xsd
DEBUG PluggableSchemaResolver - Found XML schema [http://www.springframework.org/schema/tool/spring-tool-3.0.xsd] in classpath: org/springframework/beans/factory/xml/spring-tool-3.0.xsd
DEBUG DefaultBeanDefinitionDocumentReader - Loading bean definitions
DEBUG DefaultNamespaceHandlerResolver - Loaded NamespaceHandler mappings: {http://www.springframework.org/schema/p=org.springframework.beans.factory.xml.SimplePropertyNamespaceHandler, http://www.springframework.org/schema/mvc=org.springframework.web.servlet.config.MvcNamespaceHandler, http://www.springframework.org/schema/util=org.springframework.beans.factory.xml.UtilNamespaceHandler, http://www.springframework.org/schema/jee=org.springframework.ejb.config.JeeNamespaceHandler, http://www.springframework.org/schema/aop=org.springframework.aop.config.AopNamespaceHandler, http://www.springframework.org/schema/jdbc=org.springframework.jdbc.config.JdbcNamespaceHandler, http://www.springframework.org/schema/data/jpa=org.springframework.data.jpa.repository.config.JpaRepositoryNameSpaceHandler, http://www.springframework.org/schema/tx=org.springframework.transaction.config.TxNamespaceHandler, http://www.springframework.org/schema/integration=org.springframework.integration.config.xml.IntegrationNamespaceHandler, http://www.springframework.org/schema/integration/amqp=org.springframework.integration.amqp.config.AmqpNamespaceHandler, http://www.springframework.org/schema/rabbit=org.springframework.amqp.rabbit.config.RabbitNamespaceHandler, http://www.springframework.org/schema/task=org.springframework.scheduling.config.TaskNamespaceHandler, http://www.springframework.org/schema/lang=org.springframework.scripting.config.LangNamespaceHandler, http://www.springframework.org/schema/context=org.springframework.context.config.ContextNamespaceHandler}
INFO  XmlBeanDefinitionReader - Loading XML bean definitions from file [/code/gitapps-gordon/rabbitmq/rabbitdemo/target/classes/META-INF/spring/applicationContext-amqp.xml]
DEBUG DefaultDocumentLoader - Using JAXP provider [com.sun.org.apache.xerces.internal.jaxp.DocumentBuilderFactoryImpl]
DEBUG PluggableSchemaResolver - Found XML schema [http://www.springframework.org/schema/beans/spring-beans.xsd] in classpath: org/springframework/beans/factory/xml/spring-beans-3.0.xsd
DEBUG PluggableSchemaResolver - Found XML schema [http://www.springframework.org/schema/integration/spring-integration.xsd] in classpath: org/springframework/integration/config/xml/spring-integration-2.1.xsd
DEBUG PluggableSchemaResolver - Found XML schema [http://www.springframework.org/schema/rabbit/spring-rabbit.xsd] in classpath: org/springframework/amqp/rabbit/config/spring-rabbit-1.0.xsd
DEBUG PluggableSchemaResolver - Found XML schema [http://www.springframework.org/schema/aop/spring-aop.xsd] in classpath: org/springframework/aop/config/spring-aop-3.0.xsd
DEBUG PluggableSchemaResolver - Found XML schema [http://www.springframework.org/schema/tool/spring-tool-3.0.xsd] in classpath: org/springframework/beans/factory/xml/spring-tool-3.0.xsd
DEBUG PluggableSchemaResolver - Found XML schema [http://www.springframework.org/schema/integration/amqp/spring-integration-amqp.xsd] in classpath: org/springframework/integration/amqp/config/spring-integration-amqp-2.1.xsd
DEBUG DefaultBeanDefinitionDocumentReader - Loading bean definitions
INFO  XmlBeanDefinitionReader - Loading XML bean definitions from file [/code/gitapps-gordon/rabbitmq/rabbitdemo/target/classes/META-INF/spring/applicationContext-jpa.xml]
DEBUG DefaultDocumentLoader - Using JAXP provider [com.sun.org.apache.xerces.internal.jaxp.DocumentBuilderFactoryImpl]
DEBUG PluggableSchemaResolver - Found XML schema [http://www.springframework.org/schema/beans/spring-beans.xsd] in classpath: org/springframework/beans/factory/xml/spring-beans-3.0.xsd
DEBUG PluggableSchemaResolver - Found XML schema [http://www.springframework.org/schema/data/jpa/spring-jpa.xsd] in classpath: org/springframework/data/jpa/repository/config/spring-jpa-1.0.xsd
DEBUG PluggableSchemaResolver - Found XML schema [http://www.springframework.org/schema/context/spring-context-3.0.xsd] in classpath: org/springframework/context/config/spring-context-3.0.xsd
DEBUG PluggableSchemaResolver - Found XML schema [http://www.springframework.org/schema/tool/spring-tool-3.0.xsd] in classpath: org/springframework/beans/factory/xml/spring-tool-3.0.xsd
DEBUG PluggableSchemaResolver - Found XML schema [http://www.springframework.org/schema/data/repository/spring-repository-1.0.xsd] in classpath: org/springframework/data/repository/config/spring-repository-1.0.xsd
DEBUG DefaultBeanDefinitionDocumentReader - Loading bean definitions
INFO  XmlBeanDefinitionReader - Loading XML bean definitions from file [/code/gitapps-gordon/rabbitmq/rabbitdemo/target/classes/META-INF/spring/applicationContext.xml]
DEBUG DefaultDocumentLoader - Using JAXP provider [com.sun.org.apache.xerces.internal.jaxp.DocumentBuilderFactoryImpl]
DEBUG PluggableSchemaResolver - Found XML schema [http://www.springframework.org/schema/beans/spring-beans-3.0.xsd] in classpath: org/springframework/beans/factory/xml/spring-beans-3.0.xsd
DEBUG PluggableSchemaResolver - Found XML schema [http://www.springframework.org/schema/context/spring-context-3.0.xsd] in classpath: org/springframework/context/config/spring-context-3.0.xsd
DEBUG PluggableSchemaResolver - Found XML schema [http://www.springframework.org/schema/tool/spring-tool-3.0.xsd] in classpath: org/springframework/beans/factory/xml/spring-tool-3.0.xsd
DEBUG PluggableSchemaResolver - Found XML schema [http://www.springframework.org/schema/tx/spring-tx-3.0.xsd] in classpath: org/springframework/transaction/config/spring-tx-3.0.xsd
DEBUG DefaultBeanDefinitionDocumentReader - Loading bean definitions
DEBUG XmlBeanDefinitionReader - Loaded 44 bean definitions from location pattern [classpath:/META-INF/spring/applicationContext*.xml]
DEBUG DefaultBeanDefinitionDocumentReader - Imported 44 bean definitions from URL location [classpath:/META-INF/spring/applicationContext*.xml]
DEBUG XmlBeanDefinitionReader - Loaded 46 bean definitions from location pattern [classpath:/com/chariotsolutions/rabbitmq/rabbit/RabbitTest-context.xml]
DEBUG DefaultListableBeanFactory - Creating shared instance of singleton bean &apos;org.springframework.context.annotation.internalConfigurationAnnotationProcessor&apos;
DEBUG DefaultListableBeanFactory - Creating instance of bean &apos;org.springframework.context.annotation.internalConfigurationAnnotationProcessor&apos;
DEBUG DefaultListableBeanFactory - Eagerly caching bean &apos;org.springframework.context.annotation.internalConfigurationAnnotationProcessor&apos; to allow for resolving potential circular references
DEBUG DefaultListableBeanFactory - Finished creating instance of bean &apos;org.springframework.context.annotation.internalConfigurationAnnotationProcessor&apos;
DEBUG DefaultListableBeanFactory - Creating shared instance of singleton bean &apos;org.springframework.beans.factory.config.PropertyPlaceholderConfigurer#0&apos;
DEBUG DefaultListableBeanFactory - Creating instance of bean &apos;org.springframework.beans.factory.config.PropertyPlaceholderConfigurer#0&apos;
DEBUG DefaultListableBeanFactory - Eagerly caching bean &apos;org.springframework.beans.factory.config.PropertyPlaceholderConfigurer#0&apos; to allow for resolving potential circular references
DEBUG DefaultListableBeanFactory - Finished creating instance of bean &apos;org.springframework.beans.factory.config.PropertyPlaceholderConfigurer#0&apos;
DEBUG DefaultListableBeanFactory - Creating shared instance of singleton bean &apos;org.springframework.beans.factory.config.PropertyPlaceholderConfigurer#1&apos;
DEBUG DefaultListableBeanFactory - Creating instance of bean &apos;org.springframework.beans.factory.config.PropertyPlaceholderConfigurer#1&apos;
DEBUG DefaultListableBeanFactory - Eagerly caching bean &apos;org.springframework.beans.factory.config.PropertyPlaceholderConfigurer#1&apos; to allow for resolving potential circular references
DEBUG DefaultListableBeanFactory - Finished creating instance of bean &apos;org.springframework.beans.factory.config.PropertyPlaceholderConfigurer#1&apos;
INFO  PropertyPlaceholderConfigurer - Loading properties file from file [/code/gitapps-gordon/rabbitmq/rabbitdemo/target/classes/META-INF/spring/amqp.properties]
INFO  PropertyPlaceholderConfigurer - Loading properties file from file [/code/gitapps-gordon/rabbitmq/rabbitdemo/target/classes/META-INF/spring/database.properties]
INFO  PropertyPlaceholderConfigurer - Loading properties file from file [/code/gitapps-gordon/rabbitmq/rabbitdemo/target/classes/META-INF/spring/amqp.properties]
INFO  PropertyPlaceholderConfigurer - Loading properties file from file [/code/gitapps-gordon/rabbitmq/rabbitdemo/target/classes/META-INF/spring/database.properties]
DEBUG DefaultListableBeanFactory - Creating shared instance of singleton bean &apos;org.springframework.integration.internalDefaultConfiguringBeanFactoryPostProcessor&apos;
DEBUG DefaultListableBeanFactory - Creating instance of bean &apos;org.springframework.integration.internalDefaultConfiguringBeanFactoryPostProcessor&apos;
DEBUG DefaultListableBeanFactory - Eagerly caching bean &apos;org.springframework.integration.internalDefaultConfiguringBeanFactoryPostProcessor&apos; to allow for resolving potential circular references
DEBUG DefaultListableBeanFactory - Finished creating instance of bean &apos;org.springframework.integration.internalDefaultConfiguringBeanFactoryPostProcessor&apos;
INFO  DefaultConfiguringBeanFactoryPostProcessor - No bean named &apos;taskScheduler&apos; has been explicitly defined. Therefore, a default ThreadPoolTaskScheduler will be created.
DEBUG DefaultListableBeanFactory - Creating shared instance of singleton bean &apos;org.springframework.orm.jpa.support.PersistenceAnnotationBeanPostProcessor#0&apos;
DEBUG DefaultListableBeanFactory - Creating instance of bean &apos;org.springframework.orm.jpa.support.PersistenceAnnotationBeanPostProcessor#0&apos;
DEBUG DefaultListableBeanFactory - Eagerly caching bean &apos;org.springframework.orm.jpa.support.PersistenceAnnotationBeanPostProcessor#0&apos; to allow for resolving potential circular references
DEBUG DefaultListableBeanFactory - Finished creating instance of bean &apos;org.springframework.orm.jpa.support.PersistenceAnnotationBeanPostProcessor#0&apos;
DEBUG DefaultListableBeanFactory - Creating shared instance of singleton bean &apos;org.springframework.context.annotation.internalAutowiredAnnotationProcessor&apos;
DEBUG DefaultListableBeanFactory - Creating instance of bean &apos;org.springframework.context.annotation.internalAutowiredAnnotationProcessor&apos;
DEBUG DefaultListableBeanFactory - Eagerly caching bean &apos;org.springframework.context.annotation.internalAutowiredAnnotationProcessor&apos; to allow for resolving potential circular references
DEBUG DefaultListableBeanFactory - Finished creating instance of bean &apos;org.springframework.context.annotation.internalAutowiredAnnotationProcessor&apos;
DEBUG DefaultListableBeanFactory - Creating shared instance of singleton bean &apos;org.springframework.context.annotation.internalRequiredAnnotationProcessor&apos;
DEBUG DefaultListableBeanFactory - Creating instance of bean &apos;org.springframework.context.annotation.internalRequiredAnnotationProcessor&apos;
DEBUG DefaultListableBeanFactory - Eagerly caching bean &apos;org.springframework.context.annotation.internalRequiredAnnotationProcessor&apos; to allow for resolving potential circular references
DEBUG DefaultListableBeanFactory - Finished creating instance of bean &apos;org.springframework.context.annotation.internalRequiredAnnotationProcessor&apos;
DEBUG DefaultListableBeanFactory - Creating shared instance of singleton bean &apos;org.springframework.context.annotation.internalCommonAnnotationProcessor&apos;
DEBUG DefaultListableBeanFactory - Creating instance of bean &apos;org.springframework.context.annotation.internalCommonAnnotationProcessor&apos;
DEBUG DefaultListableBeanFactory - Eagerly caching bean &apos;org.springframework.context.annotation.internalCommonAnnotationProcessor&apos; to allow for resolving potential circular references
DEBUG DefaultListableBeanFactory - Finished creating instance of bean &apos;org.springframework.context.annotation.internalCommonAnnotationProcessor&apos;
DEBUG DefaultListableBeanFactory - Creating shared instance of singleton bean &apos;org.springframework.context.annotation.internalPersistenceAnnotationProcessor&apos;
DEBUG DefaultListableBeanFactory - Creating instance of bean &apos;org.springframework.context.annotation.internalPersistenceAnnotationProcessor&apos;
DEBUG DefaultListableBeanFactory - Eagerly caching bean &apos;org.springframework.context.annotation.internalPersistenceAnnotationProcessor&apos; to allow for resolving potential circular references
DEBUG DefaultListableBeanFactory - Finished creating instance of bean &apos;org.springframework.context.annotation.internalPersistenceAnnotationProcessor&apos;
DEBUG DefaultListableBeanFactory - Creating shared instance of singleton bean &apos;org.springframework.aop.config.internalAutoProxyCreator&apos;
DEBUG DefaultListableBeanFactory - Creating instance of bean &apos;org.springframework.aop.config.internalAutoProxyCreator&apos;
DEBUG DefaultListableBeanFactory - Eagerly caching bean &apos;org.springframework.aop.config.internalAutoProxyCreator&apos; to allow for resolving potential circular references
DEBUG DefaultListableBeanFactory - Finished creating instance of bean &apos;org.springframework.aop.config.internalAutoProxyCreator&apos;
DEBUG DefaultListableBeanFactory - Creating shared instance of singleton bean &apos;org.springframework.dao.annotation.PersistenceExceptionTranslationPostProcessor#0&apos;
DEBUG DefaultListableBeanFactory - Creating instance of bean &apos;org.springframework.dao.annotation.PersistenceExceptionTranslationPostProcessor#0&apos;
DEBUG DefaultListableBeanFactory - Eagerly caching bean &apos;org.springframework.dao.annotation.PersistenceExceptionTranslationPostProcessor#0&apos; to allow for resolving potential circular references
DEBUG DefaultListableBeanFactory - Creating shared instance of singleton bean &apos;entityManagerFactory&apos;
DEBUG DefaultListableBeanFactory - Creating instance of bean &apos;entityManagerFactory&apos;
DEBUG DefaultListableBeanFactory - Eagerly caching bean &apos;entityManagerFactory&apos; to allow for resolving potential circular references
DEBUG DefaultListableBeanFactory - Creating shared instance of singleton bean &apos;dataSource&apos;
DEBUG DefaultListableBeanFactory - Creating instance of bean &apos;dataSource&apos;
DEBUG DefaultListableBeanFactory - Eagerly caching bean &apos;dataSource&apos; to allow for resolving potential circular references
DEBUG DefaultListableBeanFactory - Finished creating instance of bean &apos;dataSource&apos;
DEBUG DefaultListableBeanFactory - Invoking afterPropertiesSet() on bean with name &apos;entityManagerFactory&apos;
DEBUG DefaultListableBeanFactory - Finished creating instance of bean &apos;entityManagerFactory&apos;
DEBUG DefaultListableBeanFactory - Finished creating instance of bean &apos;org.springframework.dao.annotation.PersistenceExceptionTranslationPostProcessor#0&apos;
DEBUG DefaultListableBeanFactory - Creating shared instance of singleton bean &apos;org.springframework.data.repository.core.support.RepositoryInterfaceAwareBeanPostProcessor#0&apos;
DEBUG DefaultListableBeanFactory - Creating instance of bean &apos;org.springframework.data.repository.core.support.RepositoryInterfaceAwareBeanPostProcessor#0&apos;
DEBUG DefaultListableBeanFactory - Eagerly caching bean &apos;org.springframework.data.repository.core.support.RepositoryInterfaceAwareBeanPostProcessor#0&apos; to allow for resolving potential circular references
DEBUG DefaultListableBeanFactory - Finished creating instance of bean &apos;org.springframework.data.repository.core.support.RepositoryInterfaceAwareBeanPostProcessor#0&apos;
INFO  DefaultListableBeanFactory - Pre-instantiating singletons in org.springframework.beans.factory.support.DefaultListableBeanFactory@1531164: defining beans [org.springframework.beans.factory.config.PropertyPlaceholderConfigurer#0,org.springframework.integration.internalDefaultConfiguringBeanFactoryPostProcessor,org.springframework.integration.history.MessageHistoryConfigurer,rabbitConnectionFactory,loggingAspect,org.springframework.aop.config.internalAutoProxyCreator,rabbitAdmin,rabbitRequestQueue,rabbitResponseQueue,rabbitErrorQueue,org.springframework.amqp.rabbit.config.BindingFactoryBean#0,org.springframework.amqp.core.DirectExchange#0,rabbitTemplate,org.springframework.integration.channel.interceptor.WireTap#0,requestChannel,org.springframework.integration.channel.interceptor.WireTap#1,responseChannel,msgLogger,org.springframework.integration.handler.LoggingHandler#0,msgLogger.adapter,org.springframework.integration.channel.interceptor.WireTap#2,errorChannel,org.springframework.integration.amqp.outbound.AmqpOutboundEndpoint#0,amqpOutboundGateway,amqpErrorGateway,errorLogger,org.springframework.integration.handler.LoggingHandler#1,errorLogger.adapter,rabbitGateway,mezzageRepository,org.springframework.data.repository.core.support.RepositoryInterfaceAwareBeanPostProcessor#0,org.springframework.dao.annotation.PersistenceExceptionTranslationPostProcessor#0,org.springframework.orm.jpa.support.PersistenceAnnotationBeanPostProcessor#0,org.springframework.beans.factory.config.PropertyPlaceholderConfigurer#1,org.springframework.context.config.internalBeanConfigurerAspect,mezzageServiceImpl,org.springframework.context.annotation.internalConfigurationAnnotationProcessor,org.springframework.context.annotation.internalAutowiredAnnotationProcessor,org.springframework.context.annotation.internalRequiredAnnotationProcessor,org.springframework.context.annotation.internalCommonAnnotationProcessor,org.springframework.context.annotation.internalPersistenceAnnotationProcessor,dataSource,transactionManager,org.springframework.transaction.config.internalTransactionAspect,entityManagerFactory,mezzageController,nullChannel,taskScheduler,org.springframework.integration.config.IdGeneratorConfigurer#0]; root of factory hierarchy
DEBUG DefaultListableBeanFactory - Returning cached instance of singleton bean &apos;org.springframework.beans.factory.config.PropertyPlaceholderConfigurer#0&apos;
DEBUG DefaultListableBeanFactory - Returning cached instance of singleton bean &apos;org.springframework.integration.internalDefaultConfiguringBeanFactoryPostProcessor&apos;
DEBUG DefaultListableBeanFactory - Creating shared instance of singleton bean &apos;org.springframework.integration.history.MessageHistoryConfigurer&apos;
DEBUG DefaultListableBeanFactory - Creating instance of bean &apos;org.springframework.integration.history.MessageHistoryConfigurer&apos;
DEBUG DefaultListableBeanFactory - Eagerly caching bean &apos;org.springframework.integration.history.MessageHistoryConfigurer&apos; to allow for resolving potential circular references
DEBUG DefaultListableBeanFactory - Finished creating instance of bean &apos;org.springframework.integration.history.MessageHistoryConfigurer&apos;
DEBUG DefaultListableBeanFactory - Creating shared instance of singleton bean &apos;rabbitConnectionFactory&apos;
DEBUG DefaultListableBeanFactory - Creating instance of bean &apos;rabbitConnectionFactory&apos;
DEBUG CachingConnectionFactory - Using hostname [Technophiliac.local] for hostname.
DEBUG DefaultListableBeanFactory - Eagerly caching bean &apos;rabbitConnectionFactory&apos; to allow for resolving potential circular references
DEBUG DefaultListableBeanFactory - Finished creating instance of bean &apos;rabbitConnectionFactory&apos;
DEBUG DefaultListableBeanFactory - Creating shared instance of singleton bean &apos;loggingAspect&apos;
DEBUG DefaultListableBeanFactory - Creating instance of bean &apos;loggingAspect&apos;
DEBUG DefaultListableBeanFactory - Eagerly caching bean &apos;loggingAspect&apos; to allow for resolving potential circular references
DEBUG DefaultListableBeanFactory - Finished creating instance of bean &apos;loggingAspect&apos;
DEBUG DefaultListableBeanFactory - Returning cached instance of singleton bean &apos;org.springframework.aop.config.internalAutoProxyCreator&apos;
DEBUG DefaultListableBeanFactory - Creating shared instance of singleton bean &apos;rabbitAdmin&apos;
DEBUG DefaultListableBeanFactory - Creating instance of bean &apos;rabbitAdmin&apos;
DEBUG DefaultListableBeanFactory - Returning cached instance of singleton bean &apos;rabbitConnectionFactory&apos;
DEBUG DefaultListableBeanFactory - Eagerly caching bean &apos;rabbitAdmin&apos; to allow for resolving potential circular references
DEBUG DefaultListableBeanFactory - Invoking afterPropertiesSet() on bean with name &apos;rabbitAdmin&apos;
DEBUG DefaultListableBeanFactory - Returning cached instance of singleton bean &apos;loggingAspect&apos;
DEBUG LoggingAspect - Invoking Method &apos;addConnectionListener&apos;
INFO  DefaultListableBeanFactory - Destroying singletons in org.springframework.beans.factory.support.DefaultListableBeanFactory@1531164: defining beans [org.springframework.beans.factory.config.PropertyPlaceholderConfigurer#0,org.springframework.integration.internalDefaultConfiguringBeanFactoryPostProcessor,org.springframework.integration.history.MessageHistoryConfigurer,rabbitConnectionFactory,loggingAspect,org.springframework.aop.config.internalAutoProxyCreator,rabbitAdmin,rabbitRequestQueue,rabbitResponseQueue,rabbitErrorQueue,org.springframework.amqp.rabbit.config.BindingFactoryBean#0,org.springframework.amqp.core.DirectExchange#0,rabbitTemplate,org.springframework.integration.channel.interceptor.WireTap#0,requestChannel,org.springframework.integration.channel.interceptor.WireTap#1,responseChannel,msgLogger,org.springframework.integration.handler.LoggingHandler#0,msgLogger.adapter,org.springframework.integration.channel.interceptor.WireTap#2,errorChannel,org.springframework.integration.amqp.outbound.AmqpOutboundEndpoint#0,amqpOutboundGateway,amqpErrorGateway,errorLogger,org.springframework.integration.handler.LoggingHandler#1,errorLogger.adapter,rabbitGateway,mezzageRepository,org.springframework.data.repository.core.support.RepositoryInterfaceAwareBeanPostProcessor#0,org.springframework.dao.annotation.PersistenceExceptionTranslationPostProcessor#0,org.springframework.orm.jpa.support.PersistenceAnnotationBeanPostProcessor#0,org.springframework.beans.factory.config.PropertyPlaceholderConfigurer#1,org.springframework.context.config.internalBeanConfigurerAspect,mezzageServiceImpl,org.springframework.context.annotation.internalConfigurationAnnotationProcessor,org.springframework.context.annotation.internalAutowiredAnnotationProcessor,org.springframework.context.annotation.internalRequiredAnnotationProcessor,org.springframework.context.annotation.internalCommonAnnotationProcessor,org.springframework.context.annotation.internalPersistenceAnnotationProcessor,dataSource,transactionManager,org.springframework.transaction.config.internalTransactionAspect,entityManagerFactory,mezzageController,nullChannel,taskScheduler,org.springframework.integration.config.IdGeneratorConfigurer#0]; root of factory hierarchy
DEBUG DisposableBeanAdapter - Invoking destroy() on bean with name &apos;rabbitConnectionFactory&apos;
DEBUG DisposableBeanAdapter - Invoking destroy() on bean with name &apos;entityManagerFactory&apos;
DEBUG DisposableBeanAdapter - Invoking destroy method &apos;close&apos; on bean with name &apos;dataSource&apos;
ERROR TestContextManager - Caught exception while allowing TestExecutionListener [org.springframework.test.context.support.DependencyInjectionTestExecutionListener@214c4ac9] to prepare test instance [com.chariotsolutions.rabbitmq.rabbit.RabbitTest@17c1e333]
java.lang.IllegalStateException: Failed to load ApplicationContext
	at org.springframework.test.context.TestContext.getApplicationContext(TestContext.java:308) ~[spring-test-3.0.6.RELEASE.jar:3.0.6.RELEASE]
	at org.springframework.test.context.support.DependencyInjectionTestExecutionListener.injectDependencies(DependencyInjectionTestExecutionListener.java:109) ~[spring-test-3.0.6.RELEASE.jar:3.0.6.RELEASE]
	at org.springframework.test.context.support.DependencyInjectionTestExecutionListener.prepareTestInstance(DependencyInjectionTestExecutionListener.java:75) ~[spring-test-3.0.6.RELEASE.jar:3.0.6.RELEASE]
	at org.springframework.test.context.TestContextManager.prepareTestInstance(TestContextManager.java:321) ~[spring-test-3.0.6.RELEASE.jar:3.0.6.RELEASE]
	at org.springframework.test.context.junit4.SpringJUnit4ClassRunner.createTest(SpringJUnit4ClassRunner.java:211) [spring-test-3.0.6.RELEASE.jar:3.0.6.RELEASE]
	at org.springframework.test.context.junit4.SpringJUnit4ClassRunner$1.runReflectiveCall(SpringJUnit4ClassRunner.java:287) [spring-test-3.0.6.RELEASE.jar:3.0.6.RELEASE]
	at org.junit.internal.runners.model.ReflectiveCallable.run(ReflectiveCallable.java:15) [junit-4.10.jar:na]
	at org.springframework.test.context.junit4.SpringJUnit4ClassRunner.methodBlock(SpringJUnit4ClassRunner.java:289) [spring-test-3.0.6.RELEASE.jar:3.0.6.RELEASE]
	at org.springframework.test.context.junit4.SpringJUnit4ClassRunner.runChild(SpringJUnit4ClassRunner.java:231) [spring-test-3.0.6.RELEASE.jar:3.0.6.RELEASE]
	at org.junit.runners.BlockJUnit4ClassRunner.runChild(BlockJUnit4ClassRunner.java:47) [junit-4.10.jar:na]
	at org.junit.runners.ParentRunner$3.run(ParentRunner.java:231) [junit-4.10.jar:na]
	at org.junit.runners.ParentRunner$1.schedule(ParentRunner.java:60) [junit-4.10.jar:na]
	at org.junit.runners.ParentRunner.runChildren(ParentRunner.java:229) [junit-4.10.jar:na]
	at org.junit.runners.ParentRunner.access$000(ParentRunner.java:50) [junit-4.10.jar:na]
	at org.junit.runners.ParentRunner$2.evaluate(ParentRunner.java:222) [junit-4.10.jar:na]
	at org.springframework.test.context.junit4.statements.RunBeforeTestClassCallbacks.evaluate(RunBeforeTestClassCallbacks.java:61) [spring-test-3.0.6.RELEASE.jar:3.0.6.RELEASE]
	at org.springframework.test.context.junit4.statements.RunAfterTestClassCallbacks.evaluate(RunAfterTestClassCallbacks.java:70) [spring-test-3.0.6.RELEASE.jar:3.0.6.RELEASE]
	at org.junit.runners.ParentRunner.run(ParentRunner.java:300) [junit-4.10.jar:na]
	at org.springframework.test.context.junit4.SpringJUnit4ClassRunner.run(SpringJUnit4ClassRunner.java:174) [spring-test-3.0.6.RELEASE.jar:3.0.6.RELEASE]
	at org.apache.maven.surefire.junit4.JUnit4TestSet.execute(JUnit4TestSet.java:53) [surefire-junit4-2.10.jar:2.10]
	at org.apache.maven.surefire.junit4.JUnit4Provider.executeTestSet(JUnit4Provider.java:123) [surefire-junit4-2.10.jar:2.10]
	at org.apache.maven.surefire.junit4.JUnit4Provider.invoke(JUnit4Provider.java:104) [surefire-junit4-2.10.jar:2.10]
	at sun.reflect.NativeMethodAccessorImpl.invoke0(Native Method) ~[na:1.6.0_29]
	at sun.reflect.NativeMethodAccessorImpl.invoke(NativeMethodAccessorImpl.java:39) ~[na:1.6.0_29]
	at sun.reflect.DelegatingMethodAccessorImpl.invoke(DelegatingMethodAccessorImpl.java:25) ~[na:1.6.0_29]
	at java.lang.reflect.Method.invoke(Method.java:597) ~[na:1.6.0_29]
	at org.apache.maven.surefire.util.ReflectionUtils.invokeMethodWithArray(ReflectionUtils.java:164) [surefire-api-2.10.jar:2.10]
	at org.apache.maven.surefire.booter.ProviderFactory$ProviderProxy.invoke(ProviderFactory.java:110) [surefire-booter-2.10.jar:2.10]
	at org.apache.maven.surefire.booter.SurefireStarter.invokeProvider(SurefireStarter.java:175) [surefire-booter-2.10.jar:2.10]
	at org.apache.maven.surefire.booter.SurefireStarter.runSuitesInProcessWhenForked(SurefireStarter.java:107) [surefire-booter-2.10.jar:2.10]
	at org.apache.maven.surefire.booter.ForkedBooter.main(ForkedBooter.java:68) [surefire-booter-2.10.jar:2.10]
Caused by: org.springframework.beans.factory.BeanCreationException: Error creating bean with name &apos;rabbitAdmin&apos;: Invocation of init method failed; nested exception is java.lang.NullPointerException
	at org.springframework.beans.factory.support.AbstractAutowireCapableBeanFactory.initializeBean(AbstractAutowireCapableBeanFactory.java:1420) ~[spring-beans-3.0.6.RELEASE.jar:3.0.6.RELEASE]
	at org.springframework.beans.factory.support.AbstractAutowireCapableBeanFactory.doCreateBean(AbstractAutowireCapableBeanFactory.java:519) ~[spring-beans-3.0.6.RELEASE.jar:3.0.6.RELEASE]
	at org.springframework.beans.factory.support.AbstractAutowireCapableBeanFactory.createBean(AbstractAutowireCapableBeanFactory.java:456) ~[spring-beans-3.0.6.RELEASE.jar:3.0.6.RELEASE]
	at org.springframework.beans.factory.support.AbstractBeanFactory$1.getObject(AbstractBeanFactory.java:293) ~[spring-beans-3.0.6.RELEASE.jar:3.0.6.RELEASE]
	at org.springframework.beans.factory.support.DefaultSingletonBeanRegistry.getSingleton(DefaultSingletonBeanRegistry.java:222) ~[spring-beans-3.0.6.RELEASE.jar:3.0.6.RELEASE]
	at org.springframework.beans.factory.support.AbstractBeanFactory.doGetBean(AbstractBeanFactory.java:290) ~[spring-beans-3.0.6.RELEASE.jar:3.0.6.RELEASE]
	at org.springframework.beans.factory.support.AbstractBeanFactory.getBean(AbstractBeanFactory.java:192) ~[spring-beans-3.0.6.RELEASE.jar:3.0.6.RELEASE]
	at org.springframework.beans.factory.support.DefaultListableBeanFactory.preInstantiateSingletons(DefaultListableBeanFactory.java:585) ~[spring-beans-3.0.6.RELEASE.jar:3.0.6.RELEASE]
	at org.springframework.context.support.AbstractApplicationContext.finishBeanFactoryInitialization(AbstractApplicationContext.java:895) ~[spring-context-3.0.6.RELEASE.jar:3.0.6.RELEASE]
	at org.springframework.context.support.AbstractApplicationContext.refresh(AbstractApplicationContext.java:425) ~[spring-context-3.0.6.RELEASE.jar:3.0.6.RELEASE]
	at org.springframework.test.context.support.AbstractGenericContextLoader.loadContext(AbstractGenericContextLoader.java:84) ~[spring-test-3.0.6.RELEASE.jar:3.0.6.RELEASE]
	at org.springframework.test.context.support.AbstractGenericContextLoader.loadContext(AbstractGenericContextLoader.java:1) ~[spring-test-3.0.6.RELEASE.jar:3.0.6.RELEASE]
	at org.springframework.test.context.TestContext.loadApplicationContext(TestContext.java:280) ~[spring-test-3.0.6.RELEASE.jar:3.0.6.RELEASE]
	at org.springframework.test.context.TestContext.getApplicationContext(TestContext.java:304) ~[spring-test-3.0.6.RELEASE.jar:3.0.6.RELEASE]
	... 30 common frames omitted
Caused by: java.lang.NullPointerException: null
	at com.chariotsolutions.rabbitmq.aspects.LoggingAspect.cache(LoggingAspect.java:21) ~[classes/:na]
	at sun.reflect.NativeMethodAccessorImpl.invoke0(Native Method) ~[na:1.6.0_29]
	at sun.reflect.NativeMethodAccessorImpl.invoke(NativeMethodAccessorImpl.java:39) ~[na:1.6.0_29]
	at sun.reflect.DelegatingMethodAccessorImpl.invoke(DelegatingMethodAccessorImpl.java:25) ~[na:1.6.0_29]
	at java.lang.reflect.Method.invoke(Method.java:597) ~[na:1.6.0_29]
	at org.springframework.aop.aspectj.AbstractAspectJAdvice.invokeAdviceMethodWithGivenArgs(AbstractAspectJAdvice.java:621) ~[spring-aop-3.0.6.RELEASE.jar:3.0.6.RELEASE]
	at org.springframework.aop.aspectj.AbstractAspectJAdvice.invokeAdviceMethod(AbstractAspectJAdvice.java:610) ~[spring-aop-3.0.6.RELEASE.jar:3.0.6.RELEASE]
	at org.springframework.aop.aspectj.AspectJAroundAdvice.invoke(AspectJAroundAdvice.java:65) ~[spring-aop-3.0.6.RELEASE.jar:3.0.6.RELEASE]
	at org.springframework.aop.framework.ReflectiveMethodInvocation.proceed(ReflectiveMethodInvocation.java:172) ~[spring-aop-3.0.6.RELEASE.jar:3.0.6.RELEASE]
	at org.springframework.aop.interceptor.ExposeInvocationInterceptor.invoke(ExposeInvocationInterceptor.java:90) ~[spring-aop-3.0.6.RELEASE.jar:3.0.6.RELEASE]
	at org.springframework.aop.framework.ReflectiveMethodInvocation.proceed(ReflectiveMethodInvocation.java:172) ~[spring-aop-3.0.6.RELEASE.jar:3.0.6.RELEASE]
	at org.springframework.aop.framework.JdkDynamicAopProxy.invoke(JdkDynamicAopProxy.java:202) ~[spring-aop-3.0.6.RELEASE.jar:3.0.6.RELEASE]
	at $Proxy20.addConnectionListener(Unknown Source) ~[na:na]
	at org.springframework.amqp.rabbit.core.RabbitAdmin.afterPropertiesSet(RabbitAdmin.java:215) ~[spring-rabbit-1.0.0.RELEASE.jar:na]
	at org.springframework.beans.factory.support.AbstractAutowireCapableBeanFactory.invokeInitMethods(AbstractAutowireCapableBeanFactory.java:1477) ~[spring-beans-3.0.6.RELEASE.jar:3.0.6.RELEASE]
	at org.springframework.beans.factory.support.AbstractAutowireCapableBeanFactory.initializeBean(AbstractAutowireCapableBeanFactory.java:1417) ~[spring-beans-3.0.6.RELEASE.jar:3.0.6.RELEASE]
	... 43 common frames omitted
</system-out>
  </testcase>
</testsuite>